0 info it worked if it ends with ok
1 verbose cli [ 'D:\\node.js\\node.exe',
1 verbose cli   'D:\\node.js\\node_modules\\npm\\bin\\npm-cli.js',
1 verbose cli   'start' ]
2 info using npm@3.10.10
3 info using node@v6.10.1
4 verbose run-script [ 'prestart', 'start', 'poststart' ]
5 info lifecycle app4@0.0.0~prestart: app4@0.0.0
6 silly lifecycle app4@0.0.0~prestart: no script for prestart, continuing
7 info lifecycle app4@0.0.0~start: app4@0.0.0
8 verbose lifecycle app4@0.0.0~start: unsafe-perm in lifecycle true
9 verbose lifecycle app4@0.0.0~start: PATH: D:\node.js\node_modules\npm\bin\node-gyp-bin;F:\HTML\Actual_Combat\newrepo\chunjingban\node_modules\.bin;C:\Users\Administrator\AppData\Roaming;D:\node.js;D:\MongoDB\bin;F:\HTML\nodejs\1.nodejs\1.courseware\9. mongoDB_mongooose\mongodb\安装文件\导入文件\myempolyees\使用命令导入数据库;D:\node.js\globa;D:\Git\cmd;D:\TortoiseGit\bin;F:\HTML\HTML5\ffmpeg-20170807-1bef008-win64-static\bin;D:\node.js\global;
10 verbose lifecycle app4@0.0.0~start: CWD: F:\HTML\Actual_Combat\newrepo\chunjingban
11 silly lifecycle app4@0.0.0~start: Args: [ '/d /s /c', 'node ./bin/www' ]
12 silly lifecycle app4@0.0.0~start: Returned: code: 1  signal: null
13 info lifecycle app4@0.0.0~start: Failed to exec start script
14 verbose stack Error: app4@0.0.0 start: `node ./bin/www`
14 verbose stack Exit status 1
14 verbose stack     at EventEmitter.<anonymous> (D:\node.js\node_modules\npm\lib\utils\lifecycle.js:255:16)
14 verbose stack     at emitTwo (events.js:106:13)
14 verbose stack     at EventEmitter.emit (events.js:191:7)
14 verbose stack     at ChildProcess.<anonymous> (D:\node.js\node_modules\npm\lib\utils\spawn.js:40:14)
14 verbose stack     at emitTwo (events.js:106:13)
14 verbose stack     at ChildProcess.emit (events.js:191:7)
14 verbose stack     at maybeClose (internal/child_process.js:886:16)
14 verbose stack     at Process.ChildProcess._handle.onexit (internal/child_process.js:226:5)
15 verbose pkgid app4@0.0.0
16 verbose cwd F:\HTML\Actual_Combat\newrepo\chunjingban
17 error Windows_NT 6.1.7601
18 error argv "D:\\node.js\\node.exe" "D:\\node.js\\node_modules\\npm\\bin\\npm-cli.js" "start"
19 error node v6.10.1
20 error npm  v3.10.10
21 error code ELIFECYCLE
22 error app4@0.0.0 start: `node ./bin/www`
22 error Exit status 1
23 error Failed at the app4@0.0.0 start script 'node ./bin/www'.
23 error Make sure you have the latest version of node.js and npm installed.
23 error If you do, this is most likely a problem with the app4 package,
23 error not with npm itself.
23 error Tell the author that this fails on your system:
23 error     node ./bin/www
23 error You can get information on how to open an issue for this project with:
23 error     npm bugs app4
23 error Or if that isn't available, you can get their info via:
23 error     npm owner ls app4
23 error There is likely additional logging output above.
24 verbose exit [ 1, true ]
